app/build/intermediates/manifest_merge_blame_file/debug/manifest-merger-blame-debug-report.txt
1<?xml version="1.0" encoding="utf-8"?>
2<manifest xmlns:android="http://schemas.android.com/apk/res/android"
3    package="com.xam.kiosk"
4    android:versionCode="1"
5    android:versionName="1.0" >
6
7    <uses-sdk
8        android:minSdkVersion="28"
9        android:targetSdkVersion="34" />
10
11    <uses-permission android:name="android.permission.RECEIVE_BOOT_COMPLETED" />
11-->src/main/AndroidManifest.xml:6:5-81
11-->src/main/AndroidManifest.xml:6:22-78
12    <uses-permission android:name="android.permission.ACCESS_WIFI_STATE" />
12-->src/main/AndroidManifest.xml:7:5-76
12-->src/main/AndroidManifest.xml:7:22-73
13    <uses-permission android:name="android.permission.CHANGE_WIFI_STATE" />
13-->src/main/AndroidManifest.xml:8:5-76
13-->src/main/AndroidManifest.xml:8:22-73
14    <uses-permission android:name="android.permission.ACCESS_NETWORK_STATE" />
14-->src/main/AndroidManifest.xml:9:5-79
14-->src/main/AndroidManifest.xml:9:22-76
15    <uses-permission android:name="android.permission.WRITE_SETTINGS" />
15-->src/main/AndroidManifest.xml:10:5-73
15-->src/main/AndroidManifest.xml:10:22-70
16    <uses-permission android:name="android.permission.WRITE_SECURE_SETTINGS" />
16-->src/main/AndroidManifest.xml:11:5-80
16-->src/main/AndroidManifest.xml:11:22-77
17    <uses-permission android:name="android.permission.DISABLE_KEYGUARD" />
17-->src/main/AndroidManifest.xml:12:5-75
17-->src/main/AndroidManifest.xml:12:22-72
18    <uses-permission android:name="android.permission.WAKE_LOCK" />
18-->src/main/AndroidManifest.xml:13:5-68
18-->src/main/AndroidManifest.xml:13:22-65
19    <uses-permission android:name="android.permission.INTERNET" />
19-->src/main/AndroidManifest.xml:14:5-67
19-->src/main/AndroidManifest.xml:14:22-64
20    <uses-permission android:name="android.permission.PACKAGE_USAGE_STATS" />
20-->src/main/AndroidManifest.xml:15:5-16:47
20-->src/main/AndroidManifest.xml:15:22-75
21    <uses-permission android:name="android.permission.MANAGE_DEVICE_ADMINS" />
21-->src/main/AndroidManifest.xml:17:5-18:47
21-->src/main/AndroidManifest.xml:17:22-76
22
23    <permission
23-->[androidx.core:core:1.13.0] AndroidManifest.xml:22:5-24:47
24        android:name="com.xam.kiosk.DYNAMIC_RECEIVER_NOT_EXPORTED_PERMISSION"
24-->[androidx.core:core:1.13.0] AndroidManifest.xml:23:9-81
25        android:protectionLevel="signature" />
25-->[androidx.core:core:1.13.0] AndroidManifest.xml:24:9-44
26
27    <uses-permission android:name="com.xam.kiosk.DYNAMIC_RECEIVER_NOT_EXPORTED_PERMISSION" />
27-->[androidx.core:core:1.13.0] AndroidManifest.xml:26:5-97
27-->[androidx.core:core:1.13.0] AndroidManifest.xml:26:22-94
28
29    <application
29-->src/main/AndroidManifest.xml:20:5-66:19
30        android:allowBackup="false"
30-->src/main/AndroidManifest.xml:23:9-36
31        android:appComponentFactory="androidx.core.app.CoreComponentFactory"
31-->[androidx.core:core:1.13.0] AndroidManifest.xml:28:18-86
32        android:debuggable="true"
33        android:extractNativeLibs="false"
34        android:icon="@android:mipmap/sym_def_app_icon"
34-->src/main/AndroidManifest.xml:22:9-56
35        android:label="KioskController" >
35-->src/main/AndroidManifest.xml:21:9-40
36
37        <!-- Device Admin receiver -->
38        <receiver
38-->src/main/AndroidManifest.xml:26:9-38:20
39            android:name="com.xam.kiosk.admin.KioskDeviceAdminReceiver"
39-->src/main/AndroidManifest.xml:27:13-59
40            android:exported="true"
40-->src/main/AndroidManifest.xml:30:13-36
41            android:label="Kiosk Device Admin"
41-->src/main/AndroidManifest.xml:28:13-47
42            android:permission="android.permission.BIND_DEVICE_ADMIN" >
42-->src/main/AndroidManifest.xml:29:13-70
43            <meta-data
43-->src/main/AndroidManifest.xml:31:13-33:65
44                android:name="android.app.device_admin"
44-->src/main/AndroidManifest.xml:32:17-56
45                android:resource="@xml/device_admin_receiver" />
45-->src/main/AndroidManifest.xml:33:17-62
46
47            <intent-filter>
47-->src/main/AndroidManifest.xml:35:13-37:29
48                <action android:name="android.app.action.DEVICE_ADMIN_ENABLED" />
48-->src/main/AndroidManifest.xml:36:17-82
48-->src/main/AndroidManifest.xml:36:25-79
49            </intent-filter>
50        </receiver>
51
52        <!-- Boot completed receiver -->
53        <receiver
53-->src/main/AndroidManifest.xml:41:9-48:20
54            android:name="com.xam.kiosk.boot.BootCompletedReceiver"
54-->src/main/AndroidManifest.xml:42:13-55
55            android:enabled="true"
55-->src/main/AndroidManifest.xml:43:13-35
56            android:exported="true" >
56-->src/main/AndroidManifest.xml:44:13-36
57            <intent-filter>
57-->src/main/AndroidManifest.xml:45:13-47:29
58                <action android:name="android.intent.action.BOOT_COMPLETED" />
58-->src/main/AndroidManifest.xml:46:17-79
58-->src/main/AndroidManifest.xml:46:25-76
59            </intent-filter>
60        </receiver>
61
62        <!-- Kiosk activity that enforces lock task and launches node-app -->
63        <activity
63-->src/main/AndroidManifest.xml:51:9-64:20
64            android:name="com.xam.kiosk.ui.KioskActivity"
64-->src/main/AndroidManifest.xml:52:13-45
65            android:excludeFromRecents="true"
65-->src/main/AndroidManifest.xml:53:13-46
66            android:exported="true"
66-->src/main/AndroidManifest.xml:57:13-36
67            android:launchMode="singleTask"
67-->src/main/AndroidManifest.xml:54:13-44
68            android:screenOrientation="portrait"
68-->src/main/AndroidManifest.xml:55:13-49
69            android:taskAffinity="" >
69-->src/main/AndroidManifest.xml:56:13-36
70            <intent-filter>
70-->src/main/AndroidManifest.xml:59:13-63:29
71                <action android:name="android.intent.action.MAIN" />
71-->src/main/AndroidManifest.xml:60:17-69
71-->src/main/AndroidManifest.xml:60:25-66
72
73                <category android:name="android.intent.category.DEFAULT" />
73-->src/main/AndroidManifest.xml:61:17-76
73-->src/main/AndroidManifest.xml:61:27-73
74                <category android:name="android.intent.category.HOME" />
74-->src/main/AndroidManifest.xml:62:17-73
74-->src/main/AndroidManifest.xml:62:27-70
75            </intent-filter>
76        </activity>
77
78        <provider
78-->[androidx.emoji2:emoji2:1.3.0] AndroidManifest.xml:24:9-32:20
79            android:name="androidx.startup.InitializationProvider"
79-->[androidx.emoji2:emoji2:1.3.0] AndroidManifest.xml:25:13-67
80            android:authorities="com.xam.kiosk.androidx-startup"
80-->[androidx.emoji2:emoji2:1.3.0] AndroidManifest.xml:26:13-68
81            android:exported="false" >
81-->[androidx.emoji2:emoji2:1.3.0] AndroidManifest.xml:27:13-37
82            <meta-data
82-->[androidx.emoji2:emoji2:1.3.0] AndroidManifest.xml:29:13-31:52
83                android:name="androidx.emoji2.text.EmojiCompatInitializer"
83-->[androidx.emoji2:emoji2:1.3.0] AndroidManifest.xml:30:17-75
84                android:value="androidx.startup" />
84-->[androidx.emoji2:emoji2:1.3.0] AndroidManifest.xml:31:17-49
85            <meta-data
85-->[androidx.lifecycle:lifecycle-process:2.6.2] AndroidManifest.xml:29:13-31:52
86                android:name="androidx.lifecycle.ProcessLifecycleInitializer"
86-->[androidx.lifecycle:lifecycle-process:2.6.2] AndroidManifest.xml:30:17-78
87                android:value="androidx.startup" />
87-->[androidx.lifecycle:lifecycle-process:2.6.2] AndroidManifest.xml:31:17-49
88            <meta-data
88-->[androidx.profileinstaller:profileinstaller:1.3.1] AndroidManifest.xml:29:13-31:52
89                android:name="androidx.profileinstaller.ProfileInstallerInitializer"
89-->[androidx.profileinstaller:profileinstaller:1.3.1] AndroidManifest.xml:30:17-85
90                android:value="androidx.startup" />
90-->[androidx.profileinstaller:profileinstaller:1.3.1] AndroidManifest.xml:31:17-49
91        </provider>
92
93        <receiver
93-->[androidx.profileinstaller:profileinstaller:1.3.1] AndroidManifest.xml:34:9-52:20
94            android:name="androidx.profileinstaller.ProfileInstallReceiver"
94-->[androidx.profileinstaller:profileinstaller:1.3.1] AndroidManifest.xml:35:13-76
95            android:directBootAware="false"
95-->[androidx.profileinstaller:profileinstaller:1.3.1] AndroidManifest.xml:36:13-44
96            android:enabled="true"
96-->[androidx.profileinstaller:profileinstaller:1.3.1] AndroidManifest.xml:37:13-35
97            android:exported="true"
97-->[androidx.profileinstaller:profileinstaller:1.3.1] AndroidManifest.xml:38:13-36
98            android:permission="android.permission.DUMP" >
98-->[androidx.profileinstaller:profileinstaller:1.3.1] AndroidManifest.xml:39:13-57
99            <intent-filter>
99-->[androidx.profileinstaller:profileinstaller:1.3.1] AndroidManifest.xml:40:13-42:29
100                <action android:name="androidx.profileinstaller.action.INSTALL_PROFILE" />
100-->[androidx.profileinstaller:profileinstaller:1.3.1] AndroidManifest.xml:41:17-91
100-->[androidx.profileinstaller:profileinstaller:1.3.1] AndroidManifest.xml:41:25-88
101            </intent-filter>
102            <intent-filter>
102-->[androidx.profileinstaller:profileinstaller:1.3.1] AndroidManifest.xml:43:13-45:29
103                <action android:name="androidx.profileinstaller.action.SKIP_FILE" />
103-->[androidx.profileinstaller:profileinstaller:1.3.1] AndroidManifest.xml:44:17-85
103-->[androidx.profileinstaller:profileinstaller:1.3.1] AndroidManifest.xml:44:25-82
104            </intent-filter>
105            <intent-filter>
105-->[androidx.profileinstaller:profileinstaller:1.3.1] AndroidManifest.xml:46:13-48:29
106                <action android:name="androidx.profileinstaller.action.SAVE_PROFILE" />
106-->[androidx.profileinstaller:profileinstaller:1.3.1] AndroidManifest.xml:47:17-88
106-->[androidx.profileinstaller:profileinstaller:1.3.1] AndroidManifest.xml:47:25-85
107            </intent-filter>
108            <intent-filter>
108-->[androidx.profileinstaller:profileinstaller:1.3.1] AndroidManifest.xml:49:13-51:29
109                <action android:name="androidx.profileinstaller.action.BENCHMARK_OPERATION" />
109-->[androidx.profileinstaller:profileinstaller:1.3.1] AndroidManifest.xml:50:17-95
109-->[androidx.profileinstaller:profileinstaller:1.3.1] AndroidManifest.xml:50:25-92
110            </intent-filter>
111        </receiver>
112    </application>
113
114</manifest>